[19:14:03] [ServerMain/INFO]: Environment: Environment[sessionHost=https://sessionserver.mojang.com, servicesHost=https://api.minecraftservices.com, name=PROD]
[19:14:06] [ServerMain/INFO]: Loaded 1290 recipes
[19:14:06] [ServerMain/INFO]: Loaded 1399 advancements
[19:14:07] [Server thread/INFO]: Starting minecraft server version 1.21
[19:14:07] [Server thread/INFO]: Loading properties
[19:14:07] [Server thread/INFO]: Default game type: SURVIVAL
[19:14:07] [Server thread/INFO]: Generating keypair
[19:14:07] [Server thread/INFO]: Starting Minecraft server on *:25565
[19:14:07] [Server thread/INFO]: Using epoll channel type
[19:14:07] [Server thread/WARN]: **** SERVER IS RUNNING IN OFFLINE/INSECURE MODE!
[19:14:07] [Server thread/WARN]: The server will make no attempt to authenticate usernames. Beware.
[19:14:07] [Server thread/WARN]: While this makes the game possible to play without internet access, it also opens up the ability for hackers to connect with any username they choose.
[19:14:07] [Server thread/WARN]: To change this, set "online-mode" to "true" in the server.properties file.
[19:14:07] [Server thread/INFO]: Preparing level "world"
[19:14:15] [Server thread/INFO]: Preparing start region for dimension minecraft:overworld
[19:14:16] [Worker-Main-1/INFO]: Preparing spawn area: 0%
[19:14:16] [Worker-Main-1/INFO]: Preparing spawn area: 0%
[19:14:16] [Server thread/INFO]: Time elapsed: 648 ms
[19:14:16] [Server thread/INFO]: Done (8.653s)! For help, type "help"
[19:14:21] [Server thread/INFO]: jdbyjennie[/100.111.152.95:58502] logged in with entity id 2 at (-2539.932593582647, 67.0, 3535.7645273459916)
[19:14:21] [Server thread/INFO]: jdbyjennie joined the game
[19:14:23] [Server thread/INFO]: Mateoo__95[/100.85.150.119:52424] logged in with entity id 87 at (-122.16052540003402, 57.231523797587016, -22.373856208308837)
[19:14:23] [Server thread/INFO]: Mateoo__95 joined the game
[19:19:57] [Server thread/INFO]: juanes[/100.93.159.78:62420] logged in with entity id 2342 at (-2450.148562489722, 65.0, 3392.261031883881)
[19:19:57] [Server thread/INFO]: juanes joined the game
[19:20:56] [Server thread/INFO]: juanes lost connection: Disconnected
[19:20:56] [Server thread/INFO]: juanes left the game
[19:21:04] [Server thread/INFO]: jdbyjennie lost connection: Disconnected
[19:21:04] [Server thread/INFO]: jdbyjennie left the game
[19:21:08] [Server thread/INFO]: jdbyjennie[/100.111.152.95:58564] logged in with entity id 2792 at (-2526.832878832818, 45.0, 3492.503076570594)
[19:21:08] [Server thread/INFO]: jdbyjennie joined the game
[19:21:15] [Server thread/INFO]: juanes[/100.93.159.78:62436] logged in with entity id 3118 at (-2481.3131910505376, 66.0, 3453.9768758435694)
[19:21:15] [Server thread/INFO]: juanes joined the game
